<?xml version="1.0" encoding="UTF-8"?>
<testsuite xmlns:xsi="http://www.w3.org/2001/XMLSchema-instance" xsi:noNamespaceSchemaLocation="https://maven.apache.org/surefire/maven-surefire-plugin/xsd/surefire-test-report-3.0.xsd" version="3.0" name="runner.CucumberRunnerTests" time="2.485" tests="1" errors="0" skipped="0" failures="0">
  <properties>
    <property name="gopherProxySet" value="false"/>
    <property name="awt.toolkit" value="sun.lwawt.macosx.LWCToolkit"/>
    <property name="java.specification.version" value="11"/>
    <property name="sun.cpu.isalist" value=""/>
    <property name="sun.jnu.encoding" value="UTF-8"/>
    <property name="java.class.path" value="/Users/manivannanpanneerselvam/Downloads/newcode/MyDemoRepository/MavenProject-master2/target/test-classes:/Users/manivannanpanneerselvam/Downloads/newcode/MyDemoRepository/MavenProject-master2/target/classes:/Users/manivannanpanneerselvam/.m2/repository/io/cucumber/cucumber-java/6.8.1/cucumber-java-6.8.1.jar:/Users/manivannanpanneerselvam/.m2/repository/io/cucumber/cucumber-core/6.8.1/cucumber-core-6.8.1.jar:/Users/manivannanpanneerselvam/.m2/repository/io/cucumber/cucumber-gherkin/6.8.1/cucumber-gherkin-6.8.1.jar:/Users/manivannanpanneerselvam/.m2/repository/io/cucumber/cucumber-gherkin-messages/6.8.1/cucumber-gherkin-messages-6.8.1.jar:/Users/manivannanpanneerselvam/.m2/repository/io/cucumber/messages/13.1.0/messages-13.1.0.jar:/Users/manivannanpanneerselvam/.m2/repository/io/cucumber/tag-expressions/3.0.0/tag-expressions-3.0.0.jar:/Users/manivannanpanneerselvam/.m2/repository/io/cucumber/cucumber-expressions/10.3.0/cucumber-expressions-10.3.0.jar:/Users/manivannanpanneerselvam/.m2/repository/io/cucumber/datatable/3.5.0/datatable-3.5.0.jar:/Users/manivannanpanneerselvam/.m2/repository/io/cucumber/cucumber-plugin/6.8.1/cucumber-plugin-6.8.1.jar:/Users/manivannanpanneerselvam/.m2/repository/io/cucumber/docstring/6.8.1/docstring-6.8.1.jar:/Users/manivannanpanneerselvam/.m2/repository/io/cucumber/html-formatter/9.0.0/html-formatter-9.0.0.jar:/Users/manivannanpanneerselvam/.m2/repository/io/cucumber/create-meta/2.0.2/create-meta-2.0.2.jar:/Users/manivannanpanneerselvam/.m2/repository/org/apiguardian/apiguardian-api/1.1.0/apiguardian-api-1.1.0.jar:/Users/manivannanpanneerselvam/.m2/repository/io/cucumber/cucumber-testng/6.8.1/cucumber-testng-6.8.1.jar:/Users/manivannanpanneerselvam/.m2/repository/org/seleniumhq/selenium/selenium-java/3.141.59/selenium-java-3.141.59.jar:/Users/manivannanpanneerselvam/.m2/repository/org/seleniumhq/selenium/selenium-api/3.141.59/selenium-api-3.141.59.jar:/Users/manivannanpanneerselvam/.m2/repository/org/seleniumhq/selenium/selenium-chrome-driver/3.141.59/selenium-chrome-driver-3.141.59.jar:/Users/manivannanpanneerselvam/.m2/repository/org/seleniumhq/selenium/selenium-edge-driver/3.141.59/selenium-edge-driver-3.141.59.jar:/Users/manivannanpanneerselvam/.m2/repository/org/seleniumhq/selenium/selenium-firefox-driver/3.141.59/selenium-firefox-driver-3.141.59.jar:/Users/manivannanpanneerselvam/.m2/repository/org/seleniumhq/selenium/selenium-ie-driver/3.141.59/selenium-ie-driver-3.141.59.jar:/Users/manivannanpanneerselvam/.m2/repository/org/seleniumhq/selenium/selenium-opera-driver/3.141.59/selenium-opera-driver-3.141.59.jar:/Users/manivannanpanneerselvam/.m2/repository/org/seleniumhq/selenium/selenium-remote-driver/3.141.59/selenium-remote-driver-3.141.59.jar:/Users/manivannanpanneerselvam/.m2/repository/org/seleniumhq/selenium/selenium-safari-driver/3.141.59/selenium-safari-driver-3.141.59.jar:/Users/manivannanpanneerselvam/.m2/repository/org/seleniumhq/selenium/selenium-support/3.141.59/selenium-support-3.141.59.jar:/Users/manivannanpanneerselvam/.m2/repository/net/bytebuddy/byte-buddy/1.8.15/byte-buddy-1.8.15.jar:/Users/manivannanpanneerselvam/.m2/repository/org/apache/commons/commons-exec/1.3/commons-exec-1.3.jar:/Users/manivannanpanneerselvam/.m2/repository/com/google/guava/guava/25.0-jre/guava-25.0-jre.jar:/Users/manivannanpanneerselvam/.m2/repository/com/google/code/findbugs/jsr305/1.3.9/jsr305-1.3.9.jar:/Users/manivannanpanneerselvam/.m2/repository/org/checkerframework/checker-compat-qual/2.0.0/checker-compat-qual-2.0.0.jar:/Users/manivannanpanneerselvam/.m2/repository/com/google/errorprone/error_prone_annotations/2.1.3/error_prone_annotations-2.1.3.jar:/Users/manivannanpanneerselvam/.m2/repository/com/google/j2objc/j2objc-annotations/1.1/j2objc-annotations-1.1.jar:/Users/manivannanpanneerselvam/.m2/repository/org/codehaus/mojo/animal-sniffer-annotations/1.14/animal-sniffer-annotations-1.14.jar:/Users/manivannanpanneerselvam/.m2/repository/com/squareup/okhttp3/okhttp/3.11.0/okhttp-3.11.0.jar:/Users/manivannanpanneerselvam/.m2/repository/com/squareup/okio/okio/1.14.0/okio-1.14.0.jar:/Users/manivannanpanneerselvam/.m2/repository/org/testng/testng/7.4.0/testng-7.4.0.jar:/Users/manivannanpanneerselvam/.m2/repository/com/beust/jcommander/1.78/jcommander-1.78.jar:/Users/manivannanpanneerselvam/.m2/repository/org/webjars/jquery/3.5.1/jquery-3.5.1.jar:/Users/manivannanpanneerselvam/.m2/repository/net/masterthought/cucumber-reporting/5.7.2/cucumber-reporting-5.7.2.jar:/Users/manivannanpanneerselvam/.m2/repository/com/fasterxml/jackson/core/jackson-databind/2.13.2.2/jackson-databind-2.13.2.2.jar:/Users/manivannanpanneerselvam/.m2/repository/com/fasterxml/jackson/core/jackson-annotations/2.13.2/jackson-annotations-2.13.2.jar:/Users/manivannanpanneerselvam/.m2/repository/com/fasterxml/jackson/core/jackson-core/2.13.2/jackson-core-2.13.2.jar:/Users/manivannanpanneerselvam/.m2/repository/com/fasterxml/jackson/datatype/jackson-datatype-jsr310/2.13.2/jackson-datatype-jsr310-2.13.2.jar:/Users/manivannanpanneerselvam/.m2/repository/org/apache/velocity/velocity-engine-core/2.3/velocity-engine-core-2.3.jar:/Users/manivannanpanneerselvam/.m2/repository/org/slf4j/slf4j-api/1.7.30/slf4j-api-1.7.30.jar:/Users/manivannanpanneerselvam/.m2/repository/commons-collections/commons-collections/3.2.2/commons-collections-3.2.2.jar:/Users/manivannanpanneerselvam/.m2/repository/joda-time/joda-time/2.10.14/joda-time-2.10.14.jar:/Users/manivannanpanneerselvam/.m2/repository/org/apache/commons/commons-lang3/3.12.0/commons-lang3-3.12.0.jar:/Users/manivannanpanneerselvam/.m2/repository/commons-io/commons-io/2.7/commons-io-2.7.jar:/Users/manivannanpanneerselvam/.m2/repository/org/codehaus/plexus/plexus-utils/3.4.2/plexus-utils-3.4.2.jar:/Users/manivannanpanneerselvam/.m2/repository/org/jsoup/jsoup/1.15.1/jsoup-1.15.1.jar:/Users/manivannanpanneerselvam/.m2/repository/com/googlecode/owasp-java-html-sanitizer/owasp-java-html-sanitizer/20211018.2/owasp-java-html-sanitizer-20211018.2.jar:/Users/manivannanpanneerselvam/.m2/repository/commons-configuration/commons-configuration/1.10/commons-configuration-1.10.jar:/Users/manivannanpanneerselvam/.m2/repository/commons-lang/commons-lang/2.6/commons-lang-2.6.jar:/Users/manivannanpanneerselvam/.m2/repository/commons-logging/commons-logging/1.1.1/commons-logging-1.1.1.jar:"/>
    <property name="java.vm.vendor" value="AdoptOpenJDK"/>
    <property name="sun.arch.data.model" value="64"/>
    <property name="java.vendor.url" value="https://adoptopenjdk.net/"/>
    <property name="user.timezone" value="Singapore"/>
    <property name="java.vm.specification.version" value="11"/>
    <property name="os.name" value="Mac OS X"/>
    <property name="sun.java.launcher" value="SUN_STANDARD"/>
    <property name="user.country" value="SG"/>
    <property name="sun.boot.library.path" value="/Library/Java/JavaVirtualMachines/adoptopenjdk-11.jdk/Contents/Home/lib"/>
    <property name="sun.java.command" value="/Users/manivannanpanneerselvam/Downloads/newcode/MyDemoRepository/MavenProject-master2/target/surefire/surefirebooter8475551768578583966.jar /Users/manivannanpanneerselvam/Downloads/newcode/MyDemoRepository/MavenProject-master2/target/surefire 2024-03-23T10-57-57_100-jvmRun1 surefire12644877986011247310tmp surefire_09971410719820714941tmp"/>
    <property name="jdk.debug" value="release"/>
    <property name="surefire.test.class.path" value="/Users/manivannanpanneerselvam/Downloads/newcode/MyDemoRepository/MavenProject-master2/target/test-classes:/Users/manivannanpanneerselvam/Downloads/newcode/MyDemoRepository/MavenProject-master2/target/classes:/Users/manivannanpanneerselvam/.m2/repository/io/cucumber/cucumber-java/6.8.1/cucumber-java-6.8.1.jar:/Users/manivannanpanneerselvam/.m2/repository/io/cucumber/cucumber-core/6.8.1/cucumber-core-6.8.1.jar:/Users/manivannanpanneerselvam/.m2/repository/io/cucumber/cucumber-gherkin/6.8.1/cucumber-gherkin-6.8.1.jar:/Users/manivannanpanneerselvam/.m2/repository/io/cucumber/cucumber-gherkin-messages/6.8.1/cucumber-gherkin-messages-6.8.1.jar:/Users/manivannanpanneerselvam/.m2/repository/io/cucumber/messages/13.1.0/messages-13.1.0.jar:/Users/manivannanpanneerselvam/.m2/repository/io/cucumber/tag-expressions/3.0.0/tag-expressions-3.0.0.jar:/Users/manivannanpanneerselvam/.m2/repository/io/cucumber/cucumber-expressions/10.3.0/cucumber-expressions-10.3.0.jar:/Users/manivannanpanneerselvam/.m2/repository/io/cucumber/datatable/3.5.0/datatable-3.5.0.jar:/Users/manivannanpanneerselvam/.m2/repository/io/cucumber/cucumber-plugin/6.8.1/cucumber-plugin-6.8.1.jar:/Users/manivannanpanneerselvam/.m2/repository/io/cucumber/docstring/6.8.1/docstring-6.8.1.jar:/Users/manivannanpanneerselvam/.m2/repository/io/cucumber/html-formatter/9.0.0/html-formatter-9.0.0.jar:/Users/manivannanpanneerselvam/.m2/repository/io/cucumber/create-meta/2.0.2/create-meta-2.0.2.jar:/Users/manivannanpanneerselvam/.m2/repository/org/apiguardian/apiguardian-api/1.1.0/apiguardian-api-1.1.0.jar:/Users/manivannanpanneerselvam/.m2/repository/io/cucumber/cucumber-testng/6.8.1/cucumber-testng-6.8.1.jar:/Users/manivannanpanneerselvam/.m2/repository/org/seleniumhq/selenium/selenium-java/3.141.59/selenium-java-3.141.59.jar:/Users/manivannanpanneerselvam/.m2/repository/org/seleniumhq/selenium/selenium-api/3.141.59/selenium-api-3.141.59.jar:/Users/manivannanpanneerselvam/.m2/repository/org/seleniumhq/selenium/selenium-chrome-driver/3.141.59/selenium-chrome-driver-3.141.59.jar:/Users/manivannanpanneerselvam/.m2/repository/org/seleniumhq/selenium/selenium-edge-driver/3.141.59/selenium-edge-driver-3.141.59.jar:/Users/manivannanpanneerselvam/.m2/repository/org/seleniumhq/selenium/selenium-firefox-driver/3.141.59/selenium-firefox-driver-3.141.59.jar:/Users/manivannanpanneerselvam/.m2/repository/org/seleniumhq/selenium/selenium-ie-driver/3.141.59/selenium-ie-driver-3.141.59.jar:/Users/manivannanpanneerselvam/.m2/repository/org/seleniumhq/selenium/selenium-opera-driver/3.141.59/selenium-opera-driver-3.141.59.jar:/Users/manivannanpanneerselvam/.m2/repository/org/seleniumhq/selenium/selenium-remote-driver/3.141.59/selenium-remote-driver-3.141.59.jar:/Users/manivannanpanneerselvam/.m2/repository/org/seleniumhq/selenium/selenium-safari-driver/3.141.59/selenium-safari-driver-3.141.59.jar:/Users/manivannanpanneerselvam/.m2/repository/org/seleniumhq/selenium/selenium-support/3.141.59/selenium-support-3.141.59.jar:/Users/manivannanpanneerselvam/.m2/repository/net/bytebuddy/byte-buddy/1.8.15/byte-buddy-1.8.15.jar:/Users/manivannanpanneerselvam/.m2/repository/org/apache/commons/commons-exec/1.3/commons-exec-1.3.jar:/Users/manivannanpanneerselvam/.m2/repository/com/google/guava/guava/25.0-jre/guava-25.0-jre.jar:/Users/manivannanpanneerselvam/.m2/repository/com/google/code/findbugs/jsr305/1.3.9/jsr305-1.3.9.jar:/Users/manivannanpanneerselvam/.m2/repository/org/checkerframework/checker-compat-qual/2.0.0/checker-compat-qual-2.0.0.jar:/Users/manivannanpanneerselvam/.m2/repository/com/google/errorprone/error_prone_annotations/2.1.3/error_prone_annotations-2.1.3.jar:/Users/manivannanpanneerselvam/.m2/repository/com/google/j2objc/j2objc-annotations/1.1/j2objc-annotations-1.1.jar:/Users/manivannanpanneerselvam/.m2/repository/org/codehaus/mojo/animal-sniffer-annotations/1.14/animal-sniffer-annotations-1.14.jar:/Users/manivannanpanneerselvam/.m2/repository/com/squareup/okhttp3/okhttp/3.11.0/okhttp-3.11.0.jar:/Users/manivannanpanneerselvam/.m2/repository/com/squareup/okio/okio/1.14.0/okio-1.14.0.jar:/Users/manivannanpanneerselvam/.m2/repository/org/testng/testng/7.4.0/testng-7.4.0.jar:/Users/manivannanpanneerselvam/.m2/repository/com/beust/jcommander/1.78/jcommander-1.78.jar:/Users/manivannanpanneerselvam/.m2/repository/org/webjars/jquery/3.5.1/jquery-3.5.1.jar:/Users/manivannanpanneerselvam/.m2/repository/net/masterthought/cucumber-reporting/5.7.2/cucumber-reporting-5.7.2.jar:/Users/manivannanpanneerselvam/.m2/repository/com/fasterxml/jackson/core/jackson-databind/2.13.2.2/jackson-databind-2.13.2.2.jar:/Users/manivannanpanneerselvam/.m2/repository/com/fasterxml/jackson/core/jackson-annotations/2.13.2/jackson-annotations-2.13.2.jar:/Users/manivannanpanneerselvam/.m2/repository/com/fasterxml/jackson/core/jackson-core/2.13.2/jackson-core-2.13.2.jar:/Users/manivannanpanneerselvam/.m2/repository/com/fasterxml/jackson/datatype/jackson-datatype-jsr310/2.13.2/jackson-datatype-jsr310-2.13.2.jar:/Users/manivannanpanneerselvam/.m2/repository/org/apache/velocity/velocity-engine-core/2.3/velocity-engine-core-2.3.jar:/Users/manivannanpanneerselvam/.m2/repository/org/slf4j/slf4j-api/1.7.30/slf4j-api-1.7.30.jar:/Users/manivannanpanneerselvam/.m2/repository/commons-collections/commons-collections/3.2.2/commons-collections-3.2.2.jar:/Users/manivannanpanneerselvam/.m2/repository/joda-time/joda-time/2.10.14/joda-time-2.10.14.jar:/Users/manivannanpanneerselvam/.m2/repository/org/apache/commons/commons-lang3/3.12.0/commons-lang3-3.12.0.jar:/Users/manivannanpanneerselvam/.m2/repository/commons-io/commons-io/2.7/commons-io-2.7.jar:/Users/manivannanpanneerselvam/.m2/repository/org/codehaus/plexus/plexus-utils/3.4.2/plexus-utils-3.4.2.jar:/Users/manivannanpanneerselvam/.m2/repository/org/jsoup/jsoup/1.15.1/jsoup-1.15.1.jar:/Users/manivannanpanneerselvam/.m2/repository/com/googlecode/owasp-java-html-sanitizer/owasp-java-html-sanitizer/20211018.2/owasp-java-html-sanitizer-20211018.2.jar:/Users/manivannanpanneerselvam/.m2/repository/commons-configuration/commons-configuration/1.10/commons-configuration-1.10.jar:/Users/manivannanpanneerselvam/.m2/repository/commons-lang/commons-lang/2.6/commons-lang-2.6.jar:/Users/manivannanpanneerselvam/.m2/repository/commons-logging/commons-logging/1.1.1/commons-logging-1.1.1.jar:"/>
    <property name="sun.cpu.endian" value="little"/>
    <property name="user.home" value="/Users/manivannanpanneerselvam"/>
    <property name="user.language" value="en"/>
    <property name="java.specification.vendor" value="Oracle Corporation"/>
    <property name="java.version.date" value="2021-04-20"/>
    <property name="java.home" value="/Library/Java/JavaVirtualMachines/adoptopenjdk-11.jdk/Contents/Home"/>
    <property name="file.separator" value="/"/>
    <property name="basedir" value="/Users/manivannanpanneerselvam/Downloads/newcode/MyDemoRepository/MavenProject-master2"/>
    <property name="java.vm.compressedOopsMode" value="Zero based"/>
    <property name="line.separator" value="&#10;"/>
    <property name="java.specification.name" value="Java Platform API Specification"/>
    <property name="java.vm.specification.vendor" value="Oracle Corporation"/>
    <property name="java.awt.graphicsenv" value="sun.awt.CGraphicsEnvironment"/>
    <property name="surefire.real.class.path" value="/Users/manivannanpanneerselvam/Downloads/newcode/MyDemoRepository/MavenProject-master2/target/surefire/surefirebooter8475551768578583966.jar"/>
    <property name="sun.management.compiler" value="HotSpot 64-Bit Tiered Compilers"/>
    <property name="java.runtime.version" value="11.0.11+9"/>
    <property name="user.name" value="manivannan.p"/>
    <property name="path.separator" value=":"/>
    <property name="os.version" value="11.2"/>
    <property name="java.runtime.name" value="OpenJDK Runtime Environment"/>
    <property name="file.encoding" value="US-ASCII"/>
    <property name="java.vm.name" value="OpenJDK 64-Bit Server VM"/>
    <property name="java.vendor.version" value="AdoptOpenJDK-11.0.11+9"/>
    <property name="localRepository" value="/Users/manivannanpanneerselvam/.m2/repository"/>
    <property name="java.vendor.url.bug" value="https://github.com/AdoptOpenJDK/openjdk-support/issues"/>
    <property name="java.io.tmpdir" value="/var/folders/zv/9s90vw294xj47vc5vzskyn4h0000gp/T/"/>
    <property name="java.version" value="11.0.11"/>
    <property name="user.dir" value="/Users/manivannanpanneerselvam/Downloads/newcode/MyDemoRepository/MavenProject-master2"/>
    <property name="os.arch" value="x86_64"/>
    <property name="java.vm.specification.name" value="Java Virtual Machine Specification"/>
    <property name="java.awt.printerjob" value="sun.lwawt.macosx.CPrinterJob"/>
    <property name="sun.os.patch.level" value="unknown"/>
    <property name="java.library.path" value="/Users/manivannanpanneerselvam/Library/Java/Extensions:/Library/Java/Extensions:/Network/Library/Java/Extensions:/System/Library/Java/Extensions:/usr/lib/java:."/>
    <property name="java.vm.info" value="mixed mode"/>
    <property name="java.vendor" value="AdoptOpenJDK"/>
    <property name="java.vm.version" value="11.0.11+9"/>
    <property name="sun.io.unicode.encoding" value="UnicodeBig"/>
    <property name="java.class.version" value="55.0"/>
  </properties>
  <testcase name="runScenario[&quot;Login with valid credentials - Feature 1, Scenario -1&quot;, &quot;Optional[Login to HRM Application]&quot;](1)" classname="runner.CucumberRunnerTests" time="0.226">
    <system-out><![CDATA[
@ValidCredentials
Scenario: Login with valid credentials - Feature 1, Scenario -1 # src/test/resources/feature/Login.feature:4
Thread ID - 15
  Given User is on Home page                                    # com.mobile.LoginDefinition.userOnHomePage()
Username Entered
  When User enters username as "Admin"                          # com.mobile.LoginDefinition.entersUsername(java.lang.String)
Password Entered
  And User enters password as "admin123"                        # com.mobile.LoginDefinition.entersPassword(java.lang.String)
  Then User should be able to login sucessfully                 # com.mobile.LoginDefinition.sucessfullLogin()
]]></system-out>
  </testcase>
</testsuite>