<?xml version="1.0" encoding="UTF-8"?>
<!-- Generated by org.testng.reporters.JUnitReportReporter -->
<testsuite hostname="SGMI5C02G483SML7H.local" failures="0" tests="1" name="runner.CucumberRunnerTests" time="0.222" errors="0" timestamp="2024-03-23T10:58:00 SGT" skipped="0">
  <testcase classname="runner.CucumberRunnerTests" name="runScenario" time="0.222"/>
  <system-out/>
</testsuite> <!-- runner.CucumberRunnerTests -->
